{
  "RSpec": {
    "coverage": {
      "/Users/matthew/Desktop/Matthew/Makers/Makers_week10/bank_tech/spec/account_spec.rb": {
        "lines": [
          1,
          null,
          1,
          6,
          null,
          1,
          1,
          1,
          null,
          null,
          1,
          1,
          1,
          0,
          null,
          null,
          1,
          1,
          1,
          0,
          0,
          null,
          null,
          1,
          1,
          1,
          1,
          1,
          null,
          null,
          null,
          null,
          2,
          null,
          null,
          1,
          1,
          1,
          1,
          1,
          null,
          null,
          null
        ]
      },
      "/Users/matthew/Desktop/Matthew/Makers/Makers_week10/bank_tech/lib/account.rb": {
        "lines": [
          1,
          1,
          null,
          1,
          1,
          null,
          1,
          6,
          6,
          6,
          null,
          null,
          1,
          5,
          3,
          3,
          null,
          null,
          1,
          3,
          3,
          3,
          null,
          null,
          1,
          2,
          null,
          null,
          null
        ]
      },
      "/Users/matthew/Desktop/Matthew/Makers/Makers_week10/bank_tech/lib/statement.rb": {
        "lines": [
          1,
          null,
          1,
          null,
          1,
          2,
          2,
          4,
          null,
          null,
          null,
          null
        ]
      },
      "/Users/matthew/Desktop/Matthew/Makers/Makers_week10/bank_tech/spec/statement_spec.rb": {
        "lines": [
          1,
          1,
          null,
          1,
          1,
          1,
          2,
          null,
          1,
          1,
          1,
          1,
          1,
          null,
          null,
          null,
          null,
          2,
          null,
          null
        ]
      }
    },
    "timestamp": 1597337822
  }
}
